C:\Users\ricar\Documents\GitHub\domino\DominoJuego\CambiarContrase単aWindow.xaml.cs
ClickCancel 3
ClickCancel 0
ClickChangePassword 2
ClickChangePassword 0

C:\Users\ricar\Documents\GitHub\domino\DominoJuego\Connected Services\Proxy\Reference.cs
LogIn 2
LogIn 0
LogInAsync 2
LogInAsync 0
SignUp 2
SignUp 0
SignUpAsync 2
SignUpAsync 0
RecoverPassword 2
RecoverPassword 0
RecoverPasswordAsync 1
RecoverPasswordAsync 0
VerificateUser 2
VerificateUser 0
VerificateUserAsync 2
VerificateUserAsync 0
IsVerified 2
IsVerified 0
IsVerifiedAsync 2
IsVerifiedAsync 0
LogIn 4
LogIn 0
LogInAsync 4
LogInAsync 0
SignUp 3
SignUp 0
SignUpAsync 2
SignUpAsync 0
RecoverPassword 1
RecoverPassword 0
RecoverPasswordAsync 1
RecoverPasswordAsync 0
VerificateUser 2
VerificateUser 0
VerificateUserAsync 2
VerificateUserAsync 0
IsVerified 2
IsVerified 0
IsVerifiedAsync 3
IsVerifiedAsync 0
ChangePassword 2
ChangePassword 0
ChangePasswordAsync 1
ChangePasswordAsync 0
GetScores 2
GetScores 0
GetScoresAsync 2
GetScoresAsync 0
ChangePassword 3
ChangePassword 0
ChangePasswordAsync 2
ChangePasswordAsync 0
GetScores 2
GetScores 0
GetScoresAsync 2
GetScoresAsync 0
JoinChat 2
JoinChat 0
JoinChatAsync 2
JoinChatAsync 0
SendMessage 3
SendMessage 0
SendMessageAsync 2
SendMessageAsync 0
ReciveMessage 2
ReciveMessage 0
JoinChat 2
JoinChat 0
JoinChatAsync 3
JoinChatAsync 0
SendMessage 3
SendMessage 0
SendMessageAsync 4
SendMessageAsync 0
JoinLobby 2
JoinLobby 0
JoinLobbyAsync 2
JoinLobbyAsync 0
GetGames 2
GetGames 0
GetGamesAsync 2
GetGamesAsync 0
CreateGame 2
CreateGame 0
CreateGameAsync 2
CreateGameAsync 0
JoinGame 2
JoinGame 0
JoinGameAsync 1
JoinGameAsync 0
BreakGame 2
BreakGame 0
BreakGameAsync 2
BreakGameAsync 0
MemberLeftGame 2
MemberLeftGame 0
MemberLeftGameAsync 2
MemberLeftGameAsync 0
KickPlayer 2
KickPlayer 0
KickPlayerAsync 2
KickPlayerAsync 0
PlayerChangedHisReady 2
PlayerChangedHisReady 0
PlayerChangedHisReadyAsync 2
PlayerChangedHisReadyAsync 0
StartGame 2
StartGame 0
StartGameAsync 2
StartGameAsync 0
ReciveGame 2
ReciveGame 0
ReciveMember 2
ReciveMember 0
SendUsername 2
SendUsername 0
SendNumberOfPlayers 2
SendNumberOfPlayers 0
ReciveMembers 2
ReciveMembers 0
GameFull 2
GameFull 0
LeaveGame 2
LeaveGame 0
SomeoneLeftGame 2
SomeoneLeftGame 0
UpdateGames 2
UpdateGames 0
SomeoneChangedHisReady 3
SomeoneChangedHisReady 0
StartRound 2
StartRound 0
JoinLobby 2
JoinLobby 0
JoinLobbyAsync 2
JoinLobbyAsync 0
GetGames 2
GetGames 0
GetGamesAsync 3
GetGamesAsync 0
CreateGame 3
CreateGame 0
CreateGameAsync 5
CreateGameAsync 0
JoinGame 3
JoinGame 0
JoinGameAsync 3
JoinGameAsync 0
BreakGame 3
BreakGame 0
BreakGameAsync 3
BreakGameAsync 0
MemberLeftGame 3
MemberLeftGame 0
MemberLeftGameAsync 3
MemberLeftGameAsync 0
KickPlayer 2
KickPlayer 0
KickPlayerAsync 2
KickPlayerAsync 0
PlayerChangedHisReady 3
PlayerChangedHisReady 0
PlayerChangedHisReadyAsync 3
PlayerChangedHisReadyAsync 0
StartGame 2
StartGame 0
StartGameAsync 3
StartGameAsync 0
JustToTest 5
JustToTest 0
JustToTestAsync 2
JustToTestAsync 0
JustToTest 2
JustToTest 15
JustToTestAsync 2
JustToTestAsync 0

C:\Users\ricar\Documents\GitHub\domino\DominoJuego\GameWindow.xaml.cs

C:\Users\ricar\Documents\GitHub\domino\DominoJuego\JugarMultijugadorWindow.xaml.cs
ClickGoBack 2
ClickGoBack 0
ClickCreateGame 6
ClickCreateGame 15
ClickJoinGame 2
ClickJoinGame 0
ClickLeaveGame 4
ClickLeaveGame 0
ClickStartGame 2
ClickStartGame 0
ReciveGame 2
ReciveGame 0
ReciveMember 2
ReciveMember 15
SendUsername 1
SendUsername 0
SendNumberOfPlayers 1
SendNumberOfPlayers 0
ReciveMembers 5
ReciveMembers 0
GameFull 2
GameFull 0
LeaveGame 2
LeaveGame 0
SomeoneLeftGame 2
SomeoneLeftGame 0
UpdateGames 2
UpdateGames 0
AdjustComponents 2
AdjustComponents 0
ResetComponents 4
ResetComponents 0
GamesList_IsDoubleClick 2
GamesList_IsDoubleClick 0
GamesList_SelectedIndexChanged 2
GamesList_SelectedIndexChanged 15
ComboBox_SelectedIndexChanged 2
ComboBox_SelectedIndexChanged 0
ClickKickPlayer 2
ClickKickPlayer 0
IsReadyCheckBox_Checked 2
IsReadyCheckBox_Checked 0
SomeoneChangedHisReady 2
SomeoneChangedHisReady 0
StartRound 2
StartRound 0
LoadingRow 2
LoadingRow 0

C:\Users\ricar\Documents\GitHub\domino\DominoJuego\MenuWindow.xaml.cs
ReciveMessage 2
ReciveMessage 0
ClickPlay 2
ClickPlay 0
ClickSeeScores 2
ClickSeeScores 0
ClickChangePassword 2
ClickChangePassword 0
GoBack 2
GoBack 0
ClickLogOut 2
ClickLogOut 0
ClickIconChat 3
ClickIconChat 0
IsEnter 2
IsEnter 0
ScrollViewer_OnScrollChanged 2
ScrollViewer_OnScrollChanged 0
UserNotVerified 3
UserNotVerified 0
ClickValidate 5
ClickValidate 15

C:\Users\ricar\Documents\GitHub\domino\DominoJuego\Properties\Resources.Designer.cs

C:\Users\ricar\Documents\GitHub\domino\DominoJuego\RecuperarContrase単aWindow.xaml.cs
ClickCancel 2
ClickCancel 0
ClickRecover 4
ClickRecover 0

C:\Users\ricar\Documents\GitHub\domino\DominoJuego\RegistrarseWindow.xaml.cs
ClickCancel 2
ClickCancel 0
ClickRegister 4
ClickRegister 0

C:\Users\ricar\Documents\GitHub\domino\DominoJuego\VerficacionWindow.xaml.cs
ClickAnotherTime 2
ClickAnotherTime 0
ClickValidate 4
ClickValidate 0

C:\Users\ricar\Documents\GitHub\domino\DominoJuego\VerMarcadoresWindow.xaml.cs
ClickRegresar 2
ClickRegresar 0

C:\Users\ricar\Documents\GitHub\domino\DominoJuego\App.xaml.cs

C:\Users\ricar\Documents\GitHub\domino\DominoJuego\MainWindow.xaml.cs
ClickLogIn 2
ClickLogIn 0
ClickSignUp 2
ClickSignUp 0
IsEnter 2
IsEnter 0
ClickRecover 2
ClickRecover 0
GoBack 2
GoBack 0
Navegate 2
Navegate 0

C:\Users\ricar\Documents\GitHub\domino\DominoJuego\Properties\AssemblyInfo.cs

C:\Users\ricar\Documents\GitHub\domino\DominoJuego\Properties\Resources.en.Designer.cs

C:\Users\ricar\Documents\GitHub\domino\DominoJuego\Properties\Settings.Designer.cs

C:\Users\ricar\Documents\GitHub\domino\DominoJuego\obj\Debug\CambiarContrase単aWindow.g.cs
InitializeComponent 4
InitializeComponent 0
Connect 2
Connect 0

C:\Users\ricar\Documents\GitHub\domino\DominoJuego\obj\Debug\GameWindow.g.cs
InitializeComponent 2
InitializeComponent 0
Connect 2
Connect 0

C:\Users\ricar\Documents\GitHub\domino\DominoJuego\obj\Debug\JugarMultijugadorWindow.g.cs
InitializeComponent 2
InitializeComponent 0
Connect 6
Connect 0
Connect 2
Connect 0

C:\Users\ricar\Documents\GitHub\domino\DominoJuego\obj\Debug\MainWindow.g.cs
InitializeComponent 2
InitializeComponent 0
Connect 2
Connect 0

C:\Users\ricar\Documents\GitHub\domino\DominoJuego\obj\Debug\MenuWindow.g.cs
InitializeComponent 3
InitializeComponent 0
Connect 2
Connect 0

C:\Users\ricar\Documents\GitHub\domino\DominoJuego\obj\Debug\RecuperarContrase単aWindow.g.cs
InitializeComponent 2
InitializeComponent 0
Connect 2
Connect 0

C:\Users\ricar\Documents\GitHub\domino\DominoJuego\obj\Debug\RegistrarseWindow.g.cs
InitializeComponent 2
InitializeComponent 15
Connect 2
Connect 0

C:\Users\ricar\Documents\GitHub\domino\DominoJuego\obj\Debug\VerficacionWindow.g.cs
InitializeComponent 2
InitializeComponent 0
Connect 2
Connect 0

C:\Users\ricar\Documents\GitHub\domino\DominoJuego\obj\Debug\VerMarcadoresWindow.g.cs
InitializeComponent 3
InitializeComponent 0
Connect 2
Connect 0

C:\Users\ricar\Documents\GitHub\domino\DominoJuego\obj\Debug\App.g.cs
InitializeComponent 2
InitializeComponent 0
Main 4
Main 0

C:\Users\ricar\Documents\GitHub\domino\DominoJuego\obj\Debug\.NETFramework,Version=v4.7.2.AssemblyAttributes.cs

