C:\Users\ricar\Documents\GitHub\domino\DominoContracts\IChatClient.cs
ReciveMessage 4
ReciveMessage 0
JoinChat 4
JoinChat 0
SendMessage 3
SendMessage 0

C:\Users\ricar\Documents\GitHub\domino\DominoContracts\IGameClient.cs
GetDominoes 3
GetDominoes 0
ReciveNewMember 3
ReciveNewMember 0
ReciveMembersInGame 3
ReciveMembersInGame 0
SendHighestTile 3
SendHighestTile 0
IsYourTurn 2
IsYourTurn 0
SomeonePutATile 2
SomeonePutATile 0
GetTheTile 2
GetTheTile 0
SomeoneTookATile 2
SomeoneTookATile 0
SomeoneWonTheRound 3
SomeoneWonTheRound 0
JoinCurrentGame 2
JoinCurrentGame 0
GetFirstSevenTiles 3
GetFirstSevenTiles 0
GetPlayersName 3
GetPlayersName 0
GetHighestTile 3
GetHighestTile 0
PutATile 3
PutATile 0
TakeFromTheBank 3
TakeFromTheBank 0
PassTurn 2
PassTurn 0
Win 2
Win 0
UploadPoints 2
UploadPoints 0

C:\Users\ricar\Documents\GitHub\domino\DominoContracts\ILobbyClient.cs
ReciveGame 2
ReciveGame 0
ReciveMember 2
ReciveMember 0
SendUsername 2
SendUsername 0
SendNumberOfPlayers 2
SendNumberOfPlayers 0
ReciveMembers 2
ReciveMembers 0
GameFull 3
GameFull 0
LeaveGame 2
LeaveGame 0
SomeoneLeftGame 2
SomeoneLeftGame 0
UpdateGames 2
UpdateGames 0
StartRound 2
StartRound 0
JoinLobby 2
JoinLobby 0
GetGames 3
GetGames 0
CreateGame 3
CreateGame 0
JoinGame 3
JoinGame 0
BreakGame 3
BreakGame 0
MemberLeftGame 4
MemberLeftGame 0
KickPlayer 2
KickPlayer 0
StartGame 3
StartGame 0

C:\Users\ricar\Documents\GitHub\domino\DominoContracts\ILoginService.cs
LogIn 3
LogIn 0
SignUp 3
SignUp 0
RecoverPassword 4
RecoverPassword 0
VerificateUser 2
VerificateUser 0
IsVerified 2
IsVerified 0

C:\Users\ricar\Documents\GitHub\domino\DominoContracts\IMenuService.cs
ChangePassword 2
ChangePassword 0
GetScores 2
GetScores 0

C:\Users\ricar\Documents\GitHub\domino\DominoContracts\Properties\AssemblyInfo.cs

C:\Users\ricar\Documents\GitHub\domino\DominoContracts\obj\Debug\.NETFramework,Version=v4.7.2.AssemblyAttributes.cs

