C:\Users\ricar\Documents\GitHub\domino\DominoServer\DominoService.cs
JustToTest 2
JustToTest 0
JoinLobby 7
JoinLobby 15
GetGames 4
GetGames 0
CreateGame 2
CreateGame 0
JoinGame 2
JoinGame 0
BreakGame 2
BreakGame 0
MemberLeftGame 2
MemberLeftGame 0
KickPlayer 2
KickPlayer 0
PlayerChangedHisReady 2
PlayerChangedHisReady 0
StartGame 3
StartGame 0
JoinChat 3
JoinChat 0
SendMessage 2
SendMessage 0
ChangePassword 2
ChangePassword 0
GetScores 2
GetScores 0
RecoverPassword 2
RecoverPassword 0
SignUp 2
SignUp 0
VerificateUser 2
VerificateUser 0
IsVerified 2
IsVerified 0
LogIn 2
LogIn 0
SendEmail 2
SendEmail 0

C:\Users\ricar\Documents\GitHub\domino\DominoServer\Program.cs
Main 2
Main 0

C:\Users\ricar\Documents\GitHub\domino\DominoServer\obj\Debug\.NETFramework,Version=v4.7.2.AssemblyAttributes.cs

