C:\Users\ricar\Documents\GitHub\domino\DominoContracts\IChatClient.cs
ReciveMessage 4
ReciveMessage 0
JoinChat 3
JoinChat 0
SendMessage 3
SendMessage 0

C:\Users\ricar\Documents\GitHub\domino\DominoContracts\IGameClient.cs
GetDominoes 5
GetDominoes 0
ReciveNewMember 4
ReciveNewMember 0
ReciveMembersInGame 4
ReciveMembersInGame 0
SendHighestTile 4
SendHighestTile 0
IsYourTurn 5
IsYourTurn 0
SomeonePutATile 5
SomeonePutATile 0
GetTheTile 6
GetTheTile 0
SomeoneTookATile 8
SomeoneTookATile 0
SomeoneWonTheRound 6
SomeoneWonTheRound 0
JoinCurrentGame 5
JoinCurrentGame 0
GetFirstSevenTiles 4
GetFirstSevenTiles 0
GetPlayersName 4
GetPlayersName 0
GetHighestTile 5
GetHighestTile 0
PutATile 4
PutATile 0
TakeFromTheBank 4
TakeFromTheBank 0
PassTurn 4
PassTurn 0
Win 4
Win 0
UploadPoints 4
UploadPoints 0

C:\Users\ricar\Documents\GitHub\domino\DominoContracts\ILobbyClient.cs
ReciveGame 4
ReciveGame 0
ReciveMember 4
ReciveMember 0
SendUsername 4
SendUsername 0
SendNumberOfPlayers 4
SendNumberOfPlayers 0
ReciveMembers 4
ReciveMembers 0
GameFull 4
GameFull 0
LeaveGame 3
LeaveGame 0
SomeoneLeftGame 3
SomeoneLeftGame 0
UpdateGames 3
UpdateGames 0
StartRound 4
StartRound 0
JoinLobby 4
JoinLobby 0
GetGames 4
GetGames 0
CreateGame 4
CreateGame 0
JoinGame 3
JoinGame 0
BreakGame 3
BreakGame 0
MemberLeftGame 4
MemberLeftGame 0
KickPlayer 4
KickPlayer 0
StartGame 4
StartGame 0

C:\Users\ricar\Documents\GitHub\domino\DominoContracts\ILoginService.cs
LogIn 3
LogIn 0
SignUp 4
SignUp 0
RecoverPassword 4
RecoverPassword 0
VerificateUser 3
VerificateUser 0
IsVerified 4
IsVerified 0

C:\Users\ricar\Documents\GitHub\domino\DominoContracts\IMenuService.cs
ChangePassword 4
ChangePassword 0
GetScores 3
GetScores 0

C:\Users\ricar\Documents\GitHub\domino\DominoContracts\Properties\AssemblyInfo.cs

C:\Users\ricar\Documents\GitHub\domino\DominoContracts\obj\Debug\.NETFramework,Version=v4.7.2.AssemblyAttributes.cs

