C:\Users\ricar\Documents\GitHub\domino\DominoJuego\CambiarContrase単aWindow.xaml.cs
ClickCancel 4
ClickCancel 0
ClickChangePassword 3
ClickChangePassword 0

C:\Users\ricar\Documents\GitHub\domino\DominoJuego\Connected Services\Proxy\Reference.cs
LogIn 2
LogIn 0
LogInAsync 2
LogInAsync 0
SignUp 2
SignUp 0
SignUpAsync 2
SignUpAsync 0
RecoverPassword 3
RecoverPassword 0
RecoverPasswordAsync 3
RecoverPasswordAsync 0
VerificateUser 2
VerificateUser 0
VerificateUserAsync 3
VerificateUserAsync 0
IsVerified 3
IsVerified 0
IsVerifiedAsync 3
IsVerifiedAsync 0
LogIn 6
LogIn 0
LogInAsync 3
LogInAsync 0
SignUp 4
SignUp 0
SignUpAsync 4
SignUpAsync 0
RecoverPassword 3
RecoverPassword 0
RecoverPasswordAsync 3
RecoverPasswordAsync 15
VerificateUser 4
VerificateUser 0
VerificateUserAsync 4
VerificateUserAsync 0
IsVerified 3
IsVerified 0
IsVerifiedAsync 3
IsVerifiedAsync 15
ChangePassword 2
ChangePassword 0
ChangePasswordAsync 2
ChangePasswordAsync 0
GetScores 2
GetScores 0
GetScoresAsync 2
GetScoresAsync 0
ChangePassword 3
ChangePassword 0
ChangePasswordAsync 3
ChangePasswordAsync 0
GetScores 3
GetScores 0
GetScoresAsync 3
GetScoresAsync 0
JoinChat 2
JoinChat 0
JoinChatAsync 2
JoinChatAsync 0
SendMessage 2
SendMessage 0
SendMessageAsync 3
SendMessageAsync 0
ReciveMessage 2
ReciveMessage 0
JoinChat 3
JoinChat 0
JoinChatAsync 3
JoinChatAsync 0
SendMessage 2
SendMessage 0
SendMessageAsync 2
SendMessageAsync 0
JoinLobby 2
JoinLobby 0
JoinLobbyAsync 2
JoinLobbyAsync 0
GetGames 2
GetGames 0
GetGamesAsync 1
GetGamesAsync 0
CreateGame 2
CreateGame 0
CreateGameAsync 2
CreateGameAsync 0
JoinGame 2
JoinGame 0
JoinGameAsync 2
JoinGameAsync 0
BreakGame 2
BreakGame 0
BreakGameAsync 2
BreakGameAsync 0
MemberLeftGame 2
MemberLeftGame 0
MemberLeftGameAsync 1
MemberLeftGameAsync 0
KickPlayer 2
KickPlayer 0
KickPlayerAsync 2
KickPlayerAsync 0
StartGame 2
StartGame 0
StartGameAsync 2
StartGameAsync 0
ReciveGame 1
ReciveGame 0
ReciveMember 1
ReciveMember 0
SendUsername 2
SendUsername 0
SendNumberOfPlayers 2
SendNumberOfPlayers 0
ReciveMembers 2
ReciveMembers 0
GameFull 2
GameFull 0
LeaveGame 1
LeaveGame 0
SomeoneLeftGame 1
SomeoneLeftGame 0
UpdateGames 1
UpdateGames 0
StartRound 1
StartRound 0
JoinLobby 2
JoinLobby 15
JoinLobbyAsync 2
JoinLobbyAsync 0
GetGames 2
GetGames 0
GetGamesAsync 2
GetGamesAsync 0
CreateGame 46
CreateGame 0
CreateGameAsync 3
CreateGameAsync 0
JoinGame 3
JoinGame 0
JoinGameAsync 3
JoinGameAsync 0
BreakGame 3
BreakGame 0
BreakGameAsync 4
BreakGameAsync 0
MemberLeftGame 4
MemberLeftGame 0
MemberLeftGameAsync 4
MemberLeftGameAsync 0
KickPlayer 3
KickPlayer 0
KickPlayerAsync 4
KickPlayerAsync 0
StartGame 4
StartGame 15
StartGameAsync 4
StartGameAsync 0
JoinCurrentGame 3
JoinCurrentGame 0
JoinCurrentGameAsync 3
JoinCurrentGameAsync 0
GetFirstSevenTiles 3
GetFirstSevenTiles 0
GetFirstSevenTilesAsync 3
GetFirstSevenTilesAsync 0
GetPlayersName 4
GetPlayersName 0
GetPlayersNameAsync 3
GetPlayersNameAsync 0
GetHighestTile 3
GetHighestTile 0
GetHighestTileAsync 3
GetHighestTileAsync 0
PutATile 3
PutATile 0
PutATileAsync 3
PutATileAsync 0
TakeFromTheBank 3
TakeFromTheBank 0
TakeFromTheBankAsync 2
TakeFromTheBankAsync 0
PassTurn 3
PassTurn 0
PassTurnAsync 3
PassTurnAsync 0
Win 3
Win 0
WinAsync 3
WinAsync 0
UploadPoints 3
UploadPoints 0
UploadPointsAsync 3
UploadPointsAsync 0
GetDominoes 3
GetDominoes 0
ReciveNewMember 3
ReciveNewMember 0
ReciveMembersInGame 3
ReciveMembersInGame 0
SendHighestTile 3
SendHighestTile 0
IsYourTurn 3
IsYourTurn 0
SomeonePutATile 3
SomeonePutATile 0
GetTheTile 2
GetTheTile 0
SomeoneTookATile 3
SomeoneTookATile 0
SomeoneWonTheRound 3
SomeoneWonTheRound 0
JoinCurrentGame 4
JoinCurrentGame 0
JoinCurrentGameAsync 4
JoinCurrentGameAsync 0
GetFirstSevenTiles 3
GetFirstSevenTiles 0
GetFirstSevenTilesAsync 3
GetFirstSevenTilesAsync 0
GetPlayersName 3
GetPlayersName 0
GetPlayersNameAsync 4
GetPlayersNameAsync 0
GetHighestTile 3
GetHighestTile 0
GetHighestTileAsync 4
GetHighestTileAsync 0
PutATile 4
PutATile 0
PutATileAsync 4
PutATileAsync 0
TakeFromTheBank 3
TakeFromTheBank 0
TakeFromTheBankAsync 4
TakeFromTheBankAsync 0
PassTurn 3
PassTurn 0
PassTurnAsync 4
PassTurnAsync 0
Win 4
Win 15
WinAsync 4
WinAsync 0
UploadPoints 4
UploadPoints 0
UploadPointsAsync 4
UploadPointsAsync 0

C:\Users\ricar\Documents\GitHub\domino\DominoJuego\GameWindow.xaml.cs
ReciveNewMember 10
ReciveNewMember 15
ReciveMembersInGame 4
ReciveMembersInGame 0
SomeonePutATile 4
SomeonePutATile 0
SomeoneTookATile 6
SomeoneTookATile 0
SendHighestTile 4
SendHighestTile 0
IsYourTurn 86
IsYourTurn 0
LookForAPossibleTile 3
LookForAPossibleTile 0
EnablePossibleTiles 5
EnablePossibleTiles 0
GetTheTile 5
GetTheTile 15
GetDominoes 12
GetDominoes 0
TileSelected 5
TileSelected 15
SomeoneWonTheRound 5
SomeoneWonTheRound 0
ReciveMessage 3
ReciveMessage 0
ClickIconChat 4
ClickIconChat 15
IsEnter 4
IsEnter 0
ScrollViewer_OnScrollChanged 3
ScrollViewer_OnScrollChanged 0
ClickGoBackToMenu 3
ClickGoBackToMenu 0
ClickExit 3
ClickExit 0

C:\Users\ricar\Documents\GitHub\domino\DominoJuego\JugarMultijugadorWindow.xaml.cs
ClickGoBack 4
ClickGoBack 0
ClickCreateGame 5
ClickCreateGame 0
ClickJoinGame 3
ClickJoinGame 0
ClickLeaveGame 5
ClickLeaveGame 0
ClickStartGame 3
ClickStartGame 0
ReciveGame 4
ReciveGame 0
ReciveMember 3
ReciveMember 15
SendUsername 3
SendUsername 0
SendNumberOfPlayers 4
SendNumberOfPlayers 0
ReciveMembers 4
ReciveMembers 0
GameFull 3
GameFull 0
LeaveGame 5
LeaveGame 0
SomeoneLeftGame 4
SomeoneLeftGame 0
UpdateGames 3
UpdateGames 0
AdjustComponents 3
AdjustComponents 15
ResetComponents 5
ResetComponents 0
GamesList_IsDoubleClick 3
GamesList_IsDoubleClick 0
GamesList_SelectedIndexChanged 3
GamesList_SelectedIndexChanged 0
ComboBox_SelectedIndexChanged 3
ComboBox_SelectedIndexChanged 0
ClickKickPlayer 2
ClickKickPlayer 0
StartRound 3
StartRound 0
LoadingRow 3
LoadingRow 0

C:\Users\ricar\Documents\GitHub\domino\DominoJuego\MenuWindow.xaml.cs
ReciveMessage 3
ReciveMessage 15
ClickPlay 4
ClickPlay 0
ClickSeeScores 4
ClickSeeScores 0
ClickChangePassword 2
ClickChangePassword 0
GoBack 3
GoBack 0
ClickLogOut 3
ClickLogOut 0
ClickIconChat 3
ClickIconChat 0
IsEnter 3
IsEnter 0
ScrollViewer_OnScrollChanged 2
ScrollViewer_OnScrollChanged 0
UserNotVerified 3
UserNotVerified 0
ClickValidate 4
ClickValidate 0

C:\Users\ricar\Documents\GitHub\domino\DominoJuego\Properties\Resources.Designer.cs

C:\Users\ricar\Documents\GitHub\domino\DominoJuego\RecuperarContrase単aWindow.xaml.cs
ClickCancel 3
ClickCancel 0
ClickRecover 5
ClickRecover 0

C:\Users\ricar\Documents\GitHub\domino\DominoJuego\RegistrarseWindow.xaml.cs
ClickCancel 3
ClickCancel 0
ClickRegister 2
ClickRegister 0
ShowValidateSection 4
ShowValidateSection 0
ClickAnotherTime 2
ClickAnotherTime 0
ClickValidate 4
ClickValidate 15

C:\Users\ricar\Documents\GitHub\domino\DominoJuego\VerMarcadoresWindow.xaml.cs
ClickRegresar 3
ClickRegresar 0

C:\Users\ricar\Documents\GitHub\domino\DominoJuego\App.xaml.cs

C:\Users\ricar\Documents\GitHub\domino\DominoJuego\MainWindow.xaml.cs
ClickLogIn 2
ClickLogIn 0
ClickSignUp 3
ClickSignUp 0
IsEnter 3
IsEnter 0
ClickRecover 3
ClickRecover 0
GoBack 4
GoBack 0
Navegate 3
Navegate 0

C:\Users\ricar\Documents\GitHub\domino\DominoJuego\Properties\AssemblyInfo.cs

C:\Users\ricar\Documents\GitHub\domino\DominoJuego\Properties\Resources.en.Designer.cs

C:\Users\ricar\Documents\GitHub\domino\DominoJuego\Properties\Settings.Designer.cs

C:\Users\ricar\Documents\GitHub\domino\DominoJuego\obj\Debug\CambiarContrase単aWindow.g.cs
InitializeComponent 4
InitializeComponent 0
Connect 3
Connect 0

C:\Users\ricar\Documents\GitHub\domino\DominoJuego\obj\Debug\GameWindow.g.cs
InitializeComponent 3
InitializeComponent 0
Connect 3
Connect 0

C:\Users\ricar\Documents\GitHub\domino\DominoJuego\obj\Debug\JugarMultijugadorWindow.g.cs
InitializeComponent 2
InitializeComponent 0
Connect 2
Connect 0
Connect 2
Connect 0

C:\Users\ricar\Documents\GitHub\domino\DominoJuego\obj\Debug\MainWindow.g.cs
InitializeComponent 3
InitializeComponent 0
Connect 2
Connect 0

C:\Users\ricar\Documents\GitHub\domino\DominoJuego\obj\Debug\MenuWindow.g.cs
InitializeComponent 2
InitializeComponent 0
Connect 2
Connect 0

C:\Users\ricar\Documents\GitHub\domino\DominoJuego\obj\Debug\RecuperarContrase単aWindow.g.cs
InitializeComponent 3
InitializeComponent 0
Connect 2
Connect 0

C:\Users\ricar\Documents\GitHub\domino\DominoJuego\obj\Debug\RegistrarseWindow.g.cs
InitializeComponent 3
InitializeComponent 0
Connect 2
Connect 0

C:\Users\ricar\Documents\GitHub\domino\DominoJuego\obj\Debug\VerMarcadoresWindow.g.cs
InitializeComponent 4
InitializeComponent 0
Connect 2
Connect 0

C:\Users\ricar\Documents\GitHub\domino\DominoJuego\obj\Debug\App.g.cs
InitializeComponent 3
InitializeComponent 0
Main 3
Main 0

C:\Users\ricar\Documents\GitHub\domino\DominoJuego\obj\Debug\.NETFramework,Version=v4.7.2.AssemblyAttributes.cs

