C:\Users\ricar\Documents\GitHub\domino\DominoServer\DominoService.cs
JoinCurrentGame 7
JoinCurrentGame 0
GetFirstSevenTiles 3
GetFirstSevenTiles 0
GetPlayersName 3
GetPlayersName 0
GetHighestTile 3
GetHighestTile 0
PutATile 3
PutATile 0
PassTurn 3
PassTurn 0
TakeFromTheBank 3
TakeFromTheBank 0
Win 3
Win 0
UploadPoints 3
UploadPoints 0
JoinLobby 16
JoinLobby 15
GetGames 3
GetGames 0
CreateGame 3
CreateGame 0
JoinGame 4
JoinGame 0
BreakGame 3
BreakGame 0
MemberLeftGame 4
MemberLeftGame 0
KickPlayer 3
KickPlayer 0
StartGame 3
StartGame 0
JoinChat 13
JoinChat 15
SendMessage 4
SendMessage 0
ChangePassword 2
ChangePassword 0
GetScores 3
GetScores 0
RecoverPassword 3
RecoverPassword 0
SignUp 3
SignUp 0
VerificateUser 3
VerificateUser 0
IsVerified 3
IsVerified 0
LogIn 3
LogIn 0
SendEmail 4
SendEmail 0
Shuffle 15
Shuffle 15

C:\Users\ricar\Documents\GitHub\domino\DominoServer\Program.cs
Main 4
Main 0

C:\Users\ricar\Documents\GitHub\domino\DominoServer\obj\Debug\.NETFramework,Version=v4.7.2.AssemblyAttributes.cs

