C:\Users\ricar\Documents\GitHub\domino\DominoContracts\IChatClient.cs
ReciveMessage 1
ReciveMessage -1
JoinChat 1
JoinChat -1
SendMessage 1
SendMessage -1

C:\Users\ricar\Documents\GitHub\domino\DominoContracts\IGameClient.cs
JustToTest 1
JustToTest -1

C:\Users\ricar\Documents\GitHub\domino\DominoContracts\ILobbyClient.cs
ReciveGame 1
ReciveGame -1
ReciveMember 1
ReciveMember -1
SendUsername 1
SendUsername -1
SendNumberOfPlayers 1
SendNumberOfPlayers -1
ReciveMembers 1
ReciveMembers -1
GameFull 2
GameFull -1
LeaveGame 1
LeaveGame -1
SomeoneLeftGame 1
SomeoneLeftGame -1
UpdateGames 1
UpdateGames -1
SomeoneChangedHisReady 1
SomeoneChangedHisReady -1
StartRound 1
StartRound -1
JoinLobby 2
JoinLobby -1
GetGames 1
GetGames -1
CreateGame 2
CreateGame -1
JoinGame 1
JoinGame -1
BreakGame 1
BreakGame -1
MemberLeftGame 1
MemberLeftGame -1
KickPlayer 1
KickPlayer -1
PlayerChangedHisReady 2
PlayerChangedHisReady -1
StartGame 2
StartGame -1

C:\Users\ricar\Documents\GitHub\domino\DominoContracts\ILoginService.cs
LogIn 2
LogIn -1
SignUp 2
SignUp -1
RecoverPassword 1
RecoverPassword -1
VerificateUser 1
VerificateUser -1
IsVerified 2
IsVerified -1

C:\Users\ricar\Documents\GitHub\domino\DominoContracts\IMenuService.cs
ChangePassword 2
ChangePassword -1
GetScores 2
GetScores -1

C:\Users\ricar\Documents\GitHub\domino\DominoContracts\Properties\AssemblyInfo.cs

C:\Users\ricar\Documents\GitHub\domino\DominoContracts\obj\Debug\.NETFramework,Version=v4.7.2.AssemblyAttributes.cs

