C:\Users\ricar\Documents\GitHub\domino\DominoServer\DominoService.cs
JoinCurrentGame 2
JoinCurrentGame 0
GetFirstSevenTiles 2
GetFirstSevenTiles 0
GetPlayersName 3
GetPlayersName 0
GetHighestTile 3
GetHighestTile 0
HighestIsNotMule 3
HighestIsNotMule 0
HighestIsMule 2
HighestIsMule 0
PutATile 3
PutATile 0
PassTurn 3
PassTurn 0
TakeFromTheBank 3
TakeFromTheBank 0
Win 3
Win 0
UploadPoints 3
UploadPoints 0
JoinLobby 3
JoinLobby 0
GetGames 2
GetGames 0
CreateGame 2
CreateGame 0
JoinGame 3
JoinGame 0
BreakGame 3
BreakGame 0
MemberLeftGame 2
MemberLeftGame 0
KickPlayer 2
KickPlayer 0
StartGame 2
StartGame 0
JoinChat 2
JoinChat 0
SendMessage 2
SendMessage 0
ChangePassword 2
ChangePassword 0
GetScores 1
GetScores 0
RecoverPassword 2
RecoverPassword 0
SignUp 1
SignUp 0
VerificateUser 2
VerificateUser 0
IsVerified 2
IsVerified 0
LogIn 1
LogIn 0
SendEmail 2
SendEmail 0
Shuffle 2
Shuffle 0

C:\Users\ricar\Documents\GitHub\domino\DominoServer\Program.cs
Main 2
Main 0

C:\Users\ricar\Documents\GitHub\domino\DominoServer\obj\Debug\.NETFramework,Version=v4.7.2.AssemblyAttributes.cs

