C:\Users\ricar\Documents\GitHub\domino\DominoContracts\IChatClient.cs
ReciveMessage 2
ReciveMessage 0
JoinChat 2
JoinChat 0
SendMessage 2
SendMessage 0

C:\Users\ricar\Documents\GitHub\domino\DominoContracts\IGameClient.cs
GetDominoes 2
GetDominoes 0
ReciveNewMember 2
ReciveNewMember 0
ReciveMembersInGame 2
ReciveMembersInGame 0
SendHighestTile 2
SendHighestTile 0
IsYourTurn 2
IsYourTurn 0
SomeonePutATile 1
SomeonePutATile 0
GetTheTile 2
GetTheTile 0
SomeoneTookATile 1
SomeoneTookATile 0
SomeoneWonTheRound 1
SomeoneWonTheRound 0
JoinCurrentGame 1
JoinCurrentGame 0
GetFirstSevenTiles 1
GetFirstSevenTiles 0
GetPlayersName 1
GetPlayersName 0
GetHighestTile 1
GetHighestTile 0
PutATile 1
PutATile 0
TakeFromTheBank 1
TakeFromTheBank 0
PassTurn 1
PassTurn 0
Win 1
Win 0
UploadPoints 2
UploadPoints 0

C:\Users\ricar\Documents\GitHub\domino\DominoContracts\ILobbyClient.cs
ReciveGame 1
ReciveGame 0
ReciveMember 1
ReciveMember 0
SendUsername 1
SendUsername 0
SendNumberOfPlayers 1
SendNumberOfPlayers 0
ReciveMembers 1
ReciveMembers 0
GameFull 1
GameFull 0
LeaveGame 1
LeaveGame 0
SomeoneLeftGame 1
SomeoneLeftGame 0
UpdateGames 1
UpdateGames 0
StartRound 1
StartRound 0
JoinLobby 1
JoinLobby 0
GetGames 1
GetGames 0
CreateGame 1
CreateGame 0
JoinGame 1
JoinGame 0
BreakGame 1
BreakGame 0
MemberLeftGame 1
MemberLeftGame 0
KickPlayer 1
KickPlayer 0
StartGame 1
StartGame 0

C:\Users\ricar\Documents\GitHub\domino\DominoContracts\ILoginService.cs
LogIn 1
LogIn 0
SignUp 1
SignUp 0
RecoverPassword 2
RecoverPassword 0
VerificateUser 2
VerificateUser 0
IsVerified 1
IsVerified 0

C:\Users\ricar\Documents\GitHub\domino\DominoContracts\IMenuService.cs
ChangePassword 2
ChangePassword 0
GetScores 1
GetScores 0

C:\Users\ricar\Documents\GitHub\domino\DominoContracts\Properties\AssemblyInfo.cs

C:\Users\ricar\Documents\GitHub\domino\DominoContracts\obj\Debug\.NETFramework,Version=v4.7.2.AssemblyAttributes.cs

