C:\Users\ricar\Documents\GitHub\domino\DominoContracts\IChatClient.cs
ReciveMessage 2
ReciveMessage 0
JoinChat 4
JoinChat 0
SendMessage 2
SendMessage 0

C:\Users\ricar\Documents\GitHub\domino\DominoContracts\IGameClient.cs
JustToTest 2
JustToTest 0

C:\Users\ricar\Documents\GitHub\domino\DominoContracts\ILobbyClient.cs
ReciveGame 3
ReciveGame 0
ReciveMember 2
ReciveMember 0
SendUsername 2
SendUsername 0
SendNumberOfPlayers 2
SendNumberOfPlayers 0
ReciveMembers 2
ReciveMembers 0
GameFull 1
GameFull 0
LeaveGame 3
LeaveGame 0
SomeoneLeftGame 2
SomeoneLeftGame 0
UpdateGames 1
UpdateGames 0
SomeoneChangedHisReady 1
SomeoneChangedHisReady 0
StartRound 1
StartRound 0
JoinLobby 1
JoinLobby 0
GetGames 1
GetGames 0
CreateGame 1
CreateGame 0
JoinGame 1
JoinGame 0
BreakGame 1
BreakGame 0
MemberLeftGame 1
MemberLeftGame 0
KickPlayer 1
KickPlayer 0
PlayerChangedHisReady 1
PlayerChangedHisReady 0
StartGame 1
StartGame 0

C:\Users\ricar\Documents\GitHub\domino\DominoContracts\ILoginService.cs
LogIn 1
LogIn 0
SignUp 1
SignUp 0
RecoverPassword 1
RecoverPassword 0
VerificateUser 1
VerificateUser 0
IsVerified 1
IsVerified 0

C:\Users\ricar\Documents\GitHub\domino\DominoContracts\IMenuService.cs
ChangePassword 2
ChangePassword 0
GetScores 1
GetScores 0

C:\Users\ricar\Documents\GitHub\domino\DominoContracts\Properties\AssemblyInfo.cs

C:\Users\ricar\Documents\GitHub\domino\DominoContracts\obj\Debug\.NETFramework,Version=v4.7.2.AssemblyAttributes.cs

