C:\Users\ricar\Documents\GitHub\domino\DominoServer\DominoService.cs
JustToTest 2
JustToTest -1
JoinLobby 4
JoinLobby -1
GetGames 3
GetGames -1
CreateGame 2
CreateGame -1
JoinGame 2
JoinGame -1
BreakGame 2
BreakGame -1
MemberLeftGame 2
MemberLeftGame -1
KickPlayer 1
KickPlayer -1
PlayerChangedHisReady 2
PlayerChangedHisReady -1
StartGame 2
StartGame -1
JoinChat 3
JoinChat -1
SendMessage 2
SendMessage -1
ChangePassword 2
ChangePassword -1
GetScores 2
GetScores -1
RecoverPassword 2
RecoverPassword -1
SignUp 1
SignUp -1
VerificateUser 1
VerificateUser -1
IsVerified 1
IsVerified -1
LogIn 1
LogIn -1
SendEmail 1
SendEmail -1

C:\Users\ricar\Documents\GitHub\domino\DominoServer\Program.cs
Main 3
Main -1

C:\Users\ricar\Documents\GitHub\domino\DominoServer\obj\Debug\.NETFramework,Version=v4.7.2.AssemblyAttributes.cs

